TN:
SF:models\Analytics.js
FNF:0
FNH:0
DA:1,1
DA:2,1
DA:3,1
DA:4,1
DA:5,1
DA:6,1
DA:7,1
DA:8,1
DA:9,1
DA:10,1
DA:11,1
DA:12,1
DA:13,1
DA:14,1
DA:15,1
DA:16,1
DA:17,1
DA:18,1
DA:19,1
DA:20,1
DA:21,1
DA:22,1
DA:23,1
DA:24,1
DA:25,1
DA:26,1
DA:27,1
DA:28,1
DA:29,1
DA:30,1
DA:31,1
DA:32,1
DA:33,1
DA:34,1
DA:35,1
DA:36,1
DA:37,1
DA:38,1
DA:39,1
DA:40,1
DA:41,1
DA:42,1
DA:43,1
DA:44,1
DA:45,1
DA:46,1
DA:47,1
DA:48,1
DA:49,1
DA:50,1
DA:51,1
DA:52,1
DA:53,1
DA:54,1
DA:55,1
DA:56,1
DA:57,1
LF:57
LH:57
BRDA:1,0,0,1
BRF:1
BRH:1
end_of_record
TN:
SF:utils\authMiddleware.js
FN:1,requireApiKey
FNF:1
FNH:1
FNDA:4,requireApiKey
DA:1,1
DA:2,4
DA:3,4
DA:4,4
DA:5,4
DA:6,4
DA:7,4
DA:8,1
DA:9,1
DA:10,1
DA:11,3
DA:12,3
DA:13,4
DA:14,2
DA:15,2
DA:16,2
DA:17,1
DA:18,1
DA:19,1
DA:20,1
LF:20
LH:20
BRDA:1,0,0,1
BRDA:1,1,0,4
BRDA:7,2,0,1
BRDA:11,3,0,3
BRDA:13,4,0,2
BRDA:13,5,0,2
BRDA:17,6,0,1
BRF:7
BRH:7
end_of_record
TN:
SF:utils\complexityAnalyzer.js
FN:4,analyzeComplexity
FNF:1
FNH:1
FNDA:48,analyzeComplexity
DA:1,3
DA:2,3
DA:3,3
DA:4,3
DA:5,48
DA:6,6
DA:7,6
DA:8,6
DA:9,6
DA:10,6
DA:11,6
DA:12,6
DA:13,6
DA:14,6
DA:15,6
DA:16,42
DA:17,42
DA:18,42
DA:19,42
DA:20,42
DA:21,42
DA:22,42
DA:23,48
DA:24,48
DA:25,48
DA:26,48
DA:27,48
DA:28,48
DA:29,48
DA:30,48
DA:31,48
DA:32,896
DA:33,896
DA:34,896
DA:35,896
DA:36,41
DA:37,41
DA:38,41
DA:39,855
DA:40,855
DA:41,855
DA:42,896
DA:43,129
DA:44,129
DA:45,11
DA:46,11
DA:47,6
DA:48,6
DA:49,11
DA:50,11
DA:51,118
DA:52,118
DA:53,129
DA:54,3
DA:55,3
DA:56,115
DA:57,115
DA:58,0
DA:59,0
DA:60,115
DA:61,115
DA:62,6
DA:63,6
DA:64,6
DA:65,109
DA:66,109
DA:67,0
DA:68,0
DA:69,896
DA:70,700
DA:71,6
DA:72,6
DA:73,726
DA:74,16
DA:75,4
DA:76,4
DA:77,3
DA:78,3
DA:79,4
DA:80,4
DA:81,16
DA:82,3
DA:83,16
DA:84,0
DA:85,9
DA:86,3
DA:87,3
DA:88,3
DA:89,26
DA:90,10
DA:91,2
DA:92,2
DA:93,10
DA:94,840
DA:95,840
DA:96,896
DA:97,57
DA:98,43
DA:99,43
DA:100,896
DA:101,690
DA:102,70
DA:103,70
DA:104,783
DA:105,13
DA:106,4
DA:107,4
DA:108,93
DA:109,23
DA:110,7
DA:111,7
DA:112,23
DA:113,48
DA:114,48
DA:115,48
DA:116,48
DA:117,48
DA:118,48
DA:119,39
DA:120,36
DA:121,34
DA:122,42
DA:123,42
DA:124,42
DA:125,42
DA:126,42
DA:127,42
DA:128,42
DA:129,42
DA:130,42
DA:131,42
DA:132,48
LF:132
LH:127
BRDA:1,0,0,3
BRDA:4,1,0,48
BRDA:5,2,0,44
BRDA:5,3,0,6
BRDA:16,4,0,42
BRDA:23,5,0,0
BRDA:118,6,0,3
BRDA:119,7,0,39
BRDA:119,8,0,3
BRDA:120,9,0,36
BRDA:120,10,0,2
BRDA:121,11,0,34
BRDA:121,12,0,5
BRDA:122,13,0,42
BRDA:31,14,0,896
BRDA:35,15,0,41
BRDA:39,16,0,855
BRDA:42,17,0,129
BRDA:44,18,0,11
BRDA:46,19,0,6
BRDA:51,20,0,118
BRDA:53,21,0,3
BRDA:56,22,0,115
BRDA:57,23,0,6
BRDA:57,24,0,0
BRDA:61,25,0,6
BRDA:65,26,0,109
BRDA:66,27,0,0
BRDA:69,28,0,726
BRDA:69,29,0,36
BRDA:69,30,0,700
BRDA:70,31,0,6
BRDA:73,32,0,26
BRDA:73,33,0,16
BRDA:74,34,0,4
BRDA:76,35,0,3
BRDA:81,36,0,12
BRDA:81,37,0,3
BRDA:83,38,0,9
BRDA:83,39,0,3
BRDA:83,40,0,0
BRDA:85,41,0,3
BRDA:89,42,0,10
BRDA:90,43,0,2
BRDA:94,44,0,840
BRDA:96,45,0,57
BRDA:97,46,0,14
BRDA:97,47,0,14
BRDA:97,48,0,43
BRDA:100,49,0,783
BRDA:100,50,0,690
BRDA:101,51,0,70
BRDA:104,52,0,93
BRDA:104,53,0,13
BRDA:105,54,0,4
BRDA:108,55,0,80
BRDA:108,56,0,23
BRDA:109,57,0,7
BRF:58
BRH:54
end_of_record
TN:
SF:utils\diffParser.js
FN:2,parseDiff
FN:41,countLinesInDiff
FNF:2
FNH:2
FNDA:13,parseDiff
FNDA:7,countLinesInDiff
DA:1,1
DA:2,1
DA:3,13
DA:4,13
DA:5,4
DA:6,4
DA:7,9
DA:8,9
DA:9,9
DA:10,9
DA:11,13
DA:12,84
DA:13,10
DA:14,10
DA:15,10
DA:16,10
DA:17,10
DA:18,10
DA:19,10
DA:20,10
DA:21,84
DA:22,9
DA:23,9
DA:24,9
DA:25,9
DA:26,74
DA:27,57
DA:28,11
DA:29,11
DA:30,11
DA:31,11
DA:32,11
DA:33,57
DA:34,11
DA:35,11
DA:36,57
DA:37,84
DA:38,9
DA:39,13
DA:40,1
DA:41,1
DA:42,7
DA:43,5
DA:44,7
LF:44
LH:44
BRDA:1,0,0,1
BRDA:2,1,0,13
BRDA:4,2,0,10
BRDA:4,3,0,4
BRDA:7,4,0,9
BRDA:11,5,0,84
BRDA:12,6,0,10
BRDA:21,7,0,74
BRDA:21,8,0,9
BRDA:26,9,0,65
BRDA:26,10,0,57
BRDA:27,11,0,19
BRDA:27,12,0,11
BRDA:33,13,0,46
BRDA:33,14,0,11
BRDA:38,15,0,9
BRDA:41,16,0,7
BRDA:42,17,0,2
BRDA:43,18,0,5
BRDA:43,19,0,10
BRDA:43,20,0,5
BRDA:43,21,0,5
BRF:22
BRH:22
end_of_record
TN:
SF:utils\envVerifier.js
FN:1,verifyPort
FN:18,verifyHost
FNF:2
FNH:2
FNDA:17,verifyPort
FNDA:5,verifyHost
DA:1,1
DA:2,17
DA:3,3
DA:4,3
DA:5,17
DA:6,4
DA:7,4
DA:8,17
DA:9,3
DA:10,3
DA:11,7
DA:12,17
DA:13,3
DA:14,3
DA:15,4
DA:16,17
DA:17,1
DA:18,1
DA:19,5
DA:20,3
DA:21,3
DA:22,2
DA:23,5
LF:23
LH:23
BRDA:1,0,0,1
BRDA:1,1,0,17
BRDA:2,2,0,16
BRDA:2,3,0,15
BRDA:2,4,0,3
BRDA:5,5,0,14
BRDA:5,6,0,9
BRDA:5,7,0,4
BRDA:8,8,0,10
BRDA:8,9,0,5
BRDA:8,10,0,3
BRDA:11,11,0,7
BRDA:12,12,0,6
BRDA:12,13,0,3
BRDA:15,14,0,4
BRDA:18,15,0,5
BRDA:19,16,0,3
BRDA:19,17,0,3
BRDA:22,18,0,2
BRF:19
BRH:19
end_of_record
TN:
SF:utils\fileHelper.js
FN:5,deleteFolderRecursive
FN:20,getFolderSize
FNF:2
FNH:2
FNDA:29,deleteFolderRecursive
FNDA:7,getFolderSize
DA:1,5
DA:2,5
DA:3,5
DA:4,5
DA:5,5
DA:6,29
DA:7,27
DA:8,63
DA:9,63
DA:10,22
DA:11,63
DA:12,41
DA:13,41
DA:14,27
DA:15,27
DA:16,27
DA:17,29
DA:18,5
DA:19,5
DA:20,5
DA:21,7
DA:22,7
DA:23,6
DA:24,7
DA:25,8
DA:26,8
DA:27,8
DA:28,2
DA:29,8
DA:30,6
DA:31,6
DA:32,8
DA:33,6
DA:34,7
LF:34
LH:34
BRDA:1,0,0,5
BRDA:5,1,0,29
BRDA:6,2,0,27
BRDA:7,3,0,63
BRDA:9,4,0,22
BRDA:11,5,0,41
BRDA:20,6,0,7
BRDA:22,7,0,1
BRDA:23,8,0,6
BRDA:24,9,0,8
BRDA:27,10,0,2
BRDA:29,11,0,6
BRDA:33,12,0,6
BRF:13
BRH:13
end_of_record
TN:
SF:utils\ignoreHelper.js
FN:5,loadIgnorePatterns
FN:21,isIgnored
FN:50,readFilesRecursively
FNF:3
FNH:3
FNDA:23,loadIgnorePatterns
FNDA:132,isIgnored
FNDA:5,readFilesRecursively
DA:1,4
DA:2,4
DA:3,4
DA:4,4
DA:5,4
DA:6,23
DA:7,23
DA:8,23
DA:9,21
DA:10,21
DA:11,45
DA:12,45
DA:13,23
DA:14,23
DA:15,45
DA:16,21
DA:17,23
DA:18,23
DA:19,4
DA:20,4
DA:21,4
DA:22,132
DA:23,132
DA:24,134
DA:25,7
DA:26,2
DA:27,2
DA:28,134
DA:29,9
DA:30,2
DA:31,2
DA:32,127
DA:33,3
DA:34,3
DA:35,3
DA:36,3
DA:37,118
DA:38,115
DA:39,19
DA:40,19
DA:41,115
DA:42,134
DA:43,108
DA:44,132
DA:45,4
DA:46,4
DA:47,4
DA:48,4
DA:49,4
DA:50,4
DA:51,5
DA:52,5
DA:53,5
DA:54,5
DA:55,12
DA:56,12
DA:57,12
DA:58,12
DA:59,12
DA:60,0
DA:61,0
DA:62,12
DA:63,12
DA:64,12
DA:65,12
DA:66,12
DA:67,12
DA:68,1
DA:69,1
DA:70,11
DA:71,11
DA:72,12
DA:73,1
DA:74,1
DA:75,10
DA:76,12
DA:77,1
DA:78,12
DA:79,9
DA:80,9
DA:81,9
DA:82,9
DA:83,9
DA:84,6
DA:85,6
DA:86,6
DA:87,6
DA:88,6
DA:89,6
DA:90,6
DA:91,0
DA:92,0
DA:93,6
DA:94,9
DA:95,12
DA:96,5
DA:97,5
LF:97
LH:93
BRDA:1,0,0,4
BRDA:5,1,0,23
BRDA:8,2,0,21
BRDA:10,3,0,45
BRDA:12,4,0,24
BRDA:12,5,0,23
BRDA:21,6,0,132
BRDA:23,7,0,134
BRDA:24,8,0,7
BRDA:25,9,0,6
BRDA:25,10,0,2
BRDA:28,11,0,127
BRDA:28,12,0,9
BRDA:29,13,0,2
BRDA:32,14,0,118
BRDA:32,15,0,3
BRDA:35,16,0,1
BRDA:36,17,0,0
BRDA:37,18,0,115
BRDA:38,19,0,97
BRDA:38,20,0,19
BRDA:43,21,0,108
BRDA:50,22,0,5
BRDA:51,23,0,0
BRDA:52,24,0,0
BRDA:54,25,0,12
BRDA:59,26,0,0
BRDA:64,27,0,0
BRDA:67,28,0,11
BRDA:67,29,0,11
BRDA:67,30,0,11
BRDA:67,31,0,1
BRDA:70,32,0,11
BRDA:72,33,0,1
BRDA:75,34,0,10
BRDA:76,35,0,1
BRDA:78,36,0,9
BRDA:83,37,0,6
BRDA:90,38,0,0
BRF:39
BRH:33
end_of_record
TN:
SF:utils\mockAIReview.js
FN:1,mockAIReview
FNF:1
FNH:1
FNDA:42,mockAIReview
DA:1,3
DA:2,42
DA:3,42
DA:4,42
DA:5,5
DA:6,5
DA:7,5
DA:8,5
DA:9,5
DA:10,5
DA:11,37
DA:12,37
DA:13,48
DA:14,48
DA:15,48
DA:16,48
DA:17,48
DA:18,48
DA:19,48
DA:20,48
DA:21,48
DA:22,48
DA:23,48
DA:24,48
DA:25,48
DA:26,48
DA:27,48
DA:28,48
DA:29,48
DA:30,48
DA:31,48
DA:32,48
DA:33,48
DA:34,48
DA:35,48
DA:36,48
DA:37,48
DA:38,48
DA:39,48
DA:40,48
DA:41,48
DA:42,48
DA:43,48
DA:44,48
DA:45,48
DA:46,48
DA:47,37
DA:48,37
DA:49,37
DA:50,42
DA:51,42
DA:52,42
DA:53,42
DA:54,42
DA:55,42
DA:56,42
DA:57,42
DA:58,42
DA:59,42
DA:60,42
DA:61,42
DA:62,42
DA:63,42
DA:64,42
DA:65,42
DA:66,42
DA:67,42
DA:68,42
DA:69,42
DA:70,42
LF:70
LH:70
BRDA:1,0,0,3
BRDA:1,1,0,42
BRDA:4,2,0,40
BRDA:4,3,0,39
BRDA:4,4,0,41
BRDA:4,5,0,5
BRDA:11,6,0,37
BRDA:50,7,0,0
BRDA:63,8,0,0
BRDA:12,9,0,48
BRDA:55,10,0,48
BRDA:63,11,0,46
BRF:12
BRH:10
end_of_record
TN:
SF:utils\repoReader.js
FN:60,walkForExtensions
FN:124,normalizeExtensions
FN:141,readCodeFilesFromLocalDir
FN:171,readCodeFilesFromRepo
FNF:4
FNH:4
FNDA:22,walkForExtensions
FNDA:22,normalizeExtensions
FNDA:21,readCodeFilesFromLocalDir
FNDA:4,readCodeFilesFromRepo
DA:1,2
DA:2,2
DA:3,2
DA:4,2
DA:5,2
DA:6,2
DA:7,2
DA:8,2
DA:9,2
DA:10,2
DA:11,2
DA:12,2
DA:13,2
DA:14,2
DA:15,2
DA:16,2
DA:17,2
DA:18,2
DA:19,2
DA:20,2
DA:21,2
DA:22,2
DA:23,2
DA:24,2
DA:25,2
DA:26,2
DA:27,2
DA:28,2
DA:29,2
DA:30,2
DA:31,2
DA:32,2
DA:33,2
DA:34,2
DA:35,2
DA:36,2
DA:37,2
DA:38,2
DA:39,2
DA:40,2
DA:41,2
DA:42,2
DA:43,2
DA:44,2
DA:45,2
DA:46,2
DA:47,2
DA:48,2
DA:49,2
DA:50,2
DA:51,2
DA:52,2
DA:53,2
DA:54,2
DA:55,2
DA:56,2
DA:57,2
DA:58,2
DA:59,2
DA:60,22
DA:61,22
DA:62,22
DA:63,22
DA:64,22
DA:65,42
DA:66,42
DA:67,42
DA:68,41
DA:69,41
DA:70,41
DA:71,41
DA:72,42
DA:73,1
DA:74,1
DA:75,40
DA:76,42
DA:77,136
DA:78,135
DA:79,135
DA:80,135
DA:81,135
DA:82,135
DA:83,136
DA:84,0
DA:85,0
DA:86,136
DA:87,135
DA:88,136
DA:89,21
DA:90,21
DA:91,20
DA:92,20
DA:93,20
DA:94,114
DA:95,114
DA:96,114
DA:97,136
DA:98,136
DA:99,76
DA:100,76
DA:101,136
DA:102,136
DA:103,44
DA:104,44
DA:105,44
DA:106,44
DA:107,136
DA:108,0
DA:109,0
DA:110,44
DA:111,44
DA:112,44
DA:113,44
DA:114,136
DA:115,136
DA:116,136
DA:117,40
DA:118,22
DA:119,22
DA:120,2
DA:121,2
DA:122,2
DA:123,2
DA:124,22
DA:125,22
DA:126,22
DA:127,56
DA:128,56
DA:129,22
DA:130,22
DA:131,2
DA:132,2
DA:133,2
DA:134,2
DA:135,2
DA:136,2
DA:137,2
DA:138,2
DA:139,2
DA:140,2
DA:141,2
DA:142,21
DA:143,21
DA:144,21
DA:145,21
DA:146,21
DA:147,21
DA:148,21
DA:149,21
DA:150,2
DA:151,2
DA:152,2
DA:153,2
DA:154,2
DA:155,2
DA:156,2
DA:157,2
DA:158,2
DA:159,2
DA:160,2
DA:161,2
DA:162,2
DA:163,2
DA:164,2
DA:165,2
DA:166,2
DA:167,2
DA:168,2
DA:169,2
DA:170,2
DA:171,2
DA:172,4
DA:173,3
DA:174,3
DA:175,1
DA:176,1
DA:177,4
DA:178,4
DA:179,4
DA:180,4
DA:181,4
DA:182,4
DA:183,4
DA:184,4
DA:185,4
DA:186,4
DA:187,1
DA:188,1
DA:189,1
DA:190,1
DA:191,1
DA:192,1
DA:193,1
DA:194,1
DA:195,1
DA:196,1
DA:197,1
DA:198,1
DA:199,1
DA:200,1
DA:201,1
DA:202,1
DA:203,1
DA:204,1
DA:205,1
DA:206,1
DA:207,1
DA:208,1
DA:209,4
DA:210,2
DA:211,2
DA:212,2
DA:213,2
DA:214,2
DA:215,2
DA:216,2
DA:217,2
DA:218,2
LF:218
LH:214
BRDA:1,0,0,2
BRDA:60,1,0,22
BRDA:64,2,0,42
BRDA:65,3,0,0
BRDA:67,4,0,1
BRDA:68,5,0,41
BRDA:72,6,0,1
BRDA:75,7,0,40
BRDA:76,8,0,136
BRDA:77,9,0,1
BRDA:78,10,0,135
BRDA:83,11,0,0
BRDA:86,12,0,135
BRDA:86,13,0,0
BRDA:87,14,0,135
BRDA:88,15,0,21
BRDA:89,16,0,1
BRDA:90,17,0,20
BRDA:90,18,0,0
BRDA:91,19,0,20
BRDA:94,20,0,114
BRDA:97,21,0,20
BRDA:98,22,0,94
BRDA:98,23,0,18
BRDA:99,24,0,76
BRDA:101,25,0,29
BRDA:102,26,0,47
BRDA:102,27,0,3
BRDA:103,28,0,44
BRDA:107,29,0,0
BRDA:110,30,0,44
BRDA:114,31,0,0
BRDA:117,32,0,40
BRDA:124,33,0,22
BRDA:125,34,0,16
BRDA:126,35,0,56
BRDA:128,36,0,54
BRDA:128,37,0,2
BRDA:141,38,0,21
BRDA:143,39,0,20
BRDA:144,40,0,20
BRDA:145,41,0,20
BRDA:171,42,0,4
BRDA:172,43,0,3
BRDA:175,44,0,1
BRDA:177,45,0,0
BRDA:178,46,0,1
BRDA:179,47,0,1
BRDA:180,48,0,1
BRDA:186,49,0,1
BRF:50
BRH:43
end_of_record
TN:
SF:utils\secretsScanner.js
FN:64,scanSecrets
FN:85,scanSecretsInChanges
FNF:2
FNH:2
FNDA:18,scanSecrets
FNDA:17,scanSecretsInChanges
DA:1,5
DA:2,5
DA:3,5
DA:4,5
DA:5,5
DA:6,5
DA:7,5
DA:8,5
DA:9,5
DA:10,5
DA:11,5
DA:12,5
DA:13,5
DA:14,5
DA:15,5
DA:16,5
DA:17,5
DA:18,5
DA:19,5
DA:20,5
DA:21,5
DA:22,5
DA:23,5
DA:24,5
DA:25,5
DA:26,5
DA:27,5
DA:28,5
DA:29,5
DA:30,5
DA:31,5
DA:32,5
DA:33,5
DA:34,5
DA:35,5
DA:36,5
DA:37,5
DA:38,5
DA:39,5
DA:40,5
DA:41,5
DA:42,5
DA:43,5
DA:44,5
DA:45,5
DA:46,5
DA:47,5
DA:48,5
DA:49,5
DA:50,5
DA:51,5
DA:52,5
DA:53,5
DA:54,5
DA:55,5
DA:56,5
DA:57,5
DA:58,5
DA:59,5
DA:60,5
DA:61,5
DA:62,5
DA:63,5
DA:64,5
DA:65,18
DA:66,14
DA:67,14
DA:68,14
DA:69,75
DA:70,900
DA:71,900
DA:72,34
DA:73,34
DA:74,34
DA:75,34
DA:76,34
DA:77,34
DA:78,34
DA:79,75
DA:80,14
DA:81,14
DA:82,14
DA:83,18
DA:84,5
DA:85,5
DA:86,17
DA:87,13
DA:88,17
DA:89,18
DA:90,18
DA:91,180
DA:92,180
DA:93,11
DA:94,11
DA:95,11
DA:96,11
DA:97,11
DA:98,11
DA:99,180
DA:100,15
DA:101,13
DA:102,13
DA:103,17
LF:103
LH:103
BRDA:1,0,0,5
BRDA:64,1,0,18
BRDA:65,2,0,4
BRDA:66,3,0,14
BRDA:68,4,0,75
BRDA:69,5,0,900
BRDA:71,6,0,34
BRDA:85,7,0,17
BRDA:86,8,0,4
BRDA:87,9,0,13
BRDA:88,10,0,18
BRDA:89,11,0,17
BRDA:89,12,0,3
BRDA:90,13,0,15
BRDA:90,14,0,180
BRDA:92,15,0,11
BRDA:100,16,0,15
BRDA:101,17,0,13
BRF:18
BRH:18
end_of_record
TN:
SF:utils\signatureVerifier.js
FN:3,verifyWebhookSignature
FNF:1
FNH:1
FNDA:4,verifyWebhookSignature
DA:1,1
DA:2,1
DA:3,1
DA:4,4
DA:5,4
DA:6,4
DA:7,4
DA:8,4
DA:9,4
DA:10,4
DA:11,1
DA:12,1
DA:13,4
LF:13
LH:13
BRDA:1,0,0,1
BRDA:3,1,0,4
BRDA:4,2,0,3
BRDA:4,3,0,2
BRDA:5,4,0,0
BRDA:7,5,0,0
BRDA:10,6,0,1
BRF:7
BRH:5
end_of_record
TN:
SF:utils\urlValidator.js
FN:4,isValidRepoUrl
FN:9,parseRepoUrl
FNF:2
FNH:2
FNDA:35,isValidRepoUrl
FNDA:12,parseRepoUrl
DA:1,3
DA:2,3
DA:3,3
DA:4,3
DA:5,35
DA:6,35
DA:7,35
DA:8,3
DA:9,3
DA:10,12
DA:11,4
DA:12,4
DA:13,4
DA:14,4
DA:15,4
DA:16,4
DA:17,12
LF:17
LH:17
BRDA:1,0,0,3
BRDA:4,1,0,35
BRDA:5,2,0,29
BRDA:5,3,0,6
BRDA:6,4,0,29
BRDA:6,5,0,18
BRDA:9,6,0,12
BRDA:10,7,0,8
BRDA:11,8,0,4
BRF:9
BRH:9
end_of_record
